{"/home/pietro/Área de Trabalho/Aulas/trybe-exercicios/trybe-exercicio/Modulo1-Fundamentos/Bloco7-JS-ES6-Teste unitarios/Dia3-Primeiros passos jest/script.js": {"path":"/home/pietro/Área de Trabalho/Aulas/trybe-exercicios/trybe-exercicio/Modulo1-Fundamentos/Bloco7-JS-ES6-Teste unitarios/Dia3-Primeiros passos jest/script.js","statementMap":{"0":{"start":{"line":2,"column":2},"end":{"line":2,"column":15}},"1":{"start":{"line":4,"column":0},"end":{"line":4,"column":21}}},"fnMap":{"0":{"name":"sum","decl":{"start":{"line":1,"column":9},"end":{"line":1,"column":12}},"loc":{"start":{"line":1,"column":19},"end":{"line":3,"column":1}},"line":1}},"branchMap":{},"s":{"0":1,"1":1},"f":{"0":1},"b":{},"_coverageSchema":"1a1c01bbd47fc00a2c39e90264f33305004495a9","hash":"2b19daa8664c046f81fb28857c6843dcc66435a1"}
}
